E:\W\CUDA\cunn\cunn\Debug\cl.command.1.tlog
E:\W\CUDA\cunn\cunn\Debug\CL.read.1.tlog
E:\W\CUDA\cunn\cunn\Debug\CL.write.1.tlog
E:\W\CUDA\CUNN\CUNN\DEBUG\CUNN.EXE.INTERMEDIATE.MANIFEST
E:\W\CUDA\cunn\cunn\Debug\cunn.write.1.tlog
E:\W\CUDA\cunn\cunn\Debug\CWS_data.cu.cache
E:\W\CUDA\cunn\cunn\Debug\CWS_data.cu.obj
E:\W\CUDA\cunn\cunn\Debug\kernel.cu.cache
E:\W\CUDA\cunn\cunn\Debug\kernel.cu.obj
E:\W\CUDA\cunn\cunn\Debug\link.command.1.tlog
E:\W\CUDA\cunn\cunn\Debug\link.read.1.tlog
E:\W\CUDA\cunn\cunn\Debug\link.write.1.tlog
E:\W\CUDA\cunn\cunn\Debug\mt.command.1.tlog
E:\W\CUDA\cunn\cunn\Debug\mt.read.1.tlog
E:\W\CUDA\cunn\cunn\Debug\mt.write.1.tlog
E:\W\CUDA\cunn\cunn\Debug\vc100.idb
E:\W\CUDA\CUNN\CUNN\DEBUG\VC100.PDB
E:\W\CUDA\CUNN\CUNN\DEBUG\WENX.OBJ
E:\W\CUDA\CUNN\DEBUG\CUNN.EXE
E:\W\CUDA\CUNN\DEBUG\CUNN.PDB
